# JRE version: Java(TM) SE Runtime Environment (8.0-b132) (build 1.8.0-b132)
# Java VM: Java HotSpot(TM) 64-Bit Server VM (25.0-b70 mixed mode bsd-amd64 compressed oops)
Heap:
 PSYoungGen      total 14848K, used 512K [0x0000000795580000, 0x00000007a5200000, 0x00000007c0000000)
  eden space 14336K, 0% used [0x0000000795580000,0x0000000795580000,0x0000000796380000)
  from space 512K, 100% used [0x00000007a5180000,0x00000007a5200000,0x00000007a5200000)
  to   space 1024K, 0% used [0x00000007a5000000,0x00000007a5000000,0x00000007a5100000)
 ParOldGen       total 37376K, used 37182K [0x0000000740000000, 0x0000000742480000, 0x0000000795580000)
  object space 37376K, 99% used [0x0000000740000000,0x000000074244f9b0,0x0000000742480000)
 Metaspace       used 42958K, capacity 63775K, committed 64000K, reserved 1093632K
  class space    used 11920K, capacity 19630K, committed 19712K, reserved 1048576K
GC Heap History (10 events):
Event: 82855.606 GC heap after
Heap after GC invocations=368 (full 4):
 PSYoungGen      total 14848K, used 512K [0x0000000795580000, 0x00000007a5280000, 0x00000007c0000000)
  eden space 14336K, 0% used [0x0000000795580000,0x0000000795580000,0x0000000796380000)
  from space 512K, 100% used [0x00000007a5200000,0x00000007a5280000,0x00000007a5280000)
  to   space 1024K, 0% used [0x00000007a5080000,0x00000007a5080000,0x00000007a5180000)
 ParOldGen       total 37376K, used 36878K [0x0000000740000000, 0x0000000742480000, 0x0000000795580000)
  object space 37376K, 98% used [0x0000000740000000,0x00000007424039b0,0x0000000742480000)
 Metaspace       used 42782K, capacity 63519K, committed 63616K, reserved 1093632K
  class space    used 11850K, capacity 19518K, committed 19584K, reserved 1048576K
}
Event: 82860.387 GC heap before
{Heap before GC invocations=369 (full 4):
 PSYoungGen      total 14848K, used 14848K [0x0000000795580000, 0x00000007a5280000, 0x00000007c0000000)
  eden space 14336K, 100% used [0x0000000795580000,0x0000000796380000,0x0000000796380000)
  from space 512K, 100% used [0x00000007a5200000,0x00000007a5280000,0x00000007a5280000)
  to   space 1024K, 0% used [0x00000007a5080000,0x00000007a5080000,0x00000007a5180000)
 ParOldGen       total 37376K, used 36878K [0x0000000740000000, 0x0000000742480000, 0x0000000795580000)
  object space 37376K, 98% used [0x0000000740000000,0x00000007424039b0,0x0000000742480000)
 Metaspace       used 42842K, capacity 63627K, committed 63872K, reserved 1093632K
  class space    used 11877K, capacity 19578K, committed 19584K, reserved 1048576K
Event: 82860.397 GC heap after
Heap after GC invocations=369 (full 4):
 PSYoungGen      total 15360K, used 512K [0x0000000795580000, 0x00000007a5280000, 0x00000007c0000000)
  eden space 14336K, 0% used [0x0000000795580000,0x0000000795580000,0x0000000796380000)
  from space 1024K, 50% used [0x00000007a5080000,0x00000007a5100000,0x00000007a5180000)
  to   space 1024K, 0% used [0x00000007a5180000,0x00000007a5180000,0x00000007a5280000)
 ParOldGen       total 37376K, used 36966K [0x0000000740000000, 0x0000000742480000, 0x0000000795580000)
  object space 37376K, 98% used [0x0000000740000000,0x00000007424199b0,0x0000000742480000)
 Metaspace       used 42842K, capacity 63627K, committed 63872K, reserved 1093632K
  class space    used 11877K, capacity 19578K, committed 19584K, reserved 1048576K
}
Event: 82869.768 GC heap before
{Heap before GC invocations=370 (full 4):
 PSYoungGen      total 15360K, used 14848K [0x0000000795580000, 0x00000007a5280000, 0x00000007c0000000)
  eden space 14336K, 100% used [0x0000000795580000,0x0000000796380000,0x0000000796380000)
  from space 1024K, 50% used [0x00000007a5080000,0x00000007a5100000,0x00000007a5180000)
  to   space 1024K, 0% used [0x00000007a5180000,0x00000007a5180000,0x00000007a5280000)
 ParOldGen       total 37376K, used 36966K [0x0000000740000000, 0x0000000742480000, 0x0000000795580000)
  object space 37376K, 98% used [0x0000000740000000,0x00000007424199b0,0x0000000742480000)
 Metaspace       used 42873K, capacity 63671K, committed 64000K, reserved 1093632K
  class space    used 11889K, capacity 19594K, committed 19712K, reserved 1048576K
Event: 82869.770 GC heap after
Heap after GC invocations=370 (full 4):
 PSYoungGen      total 15360K, used 576K [0x0000000795580000, 0x00000007a5280000, 0x00000007c0000000)
  eden space 14336K, 0% used [0x0000000795580000,0x0000000795580000,0x0000000796380000)
  from space 1024K, 56% used [0x00000007a5180000,0x00000007a5210000,0x00000007a5280000)
  to   space 1024K, 0% used [0x00000007a5080000,0x00000007a5080000,0x00000007a5180000)
 ParOldGen       total 37376K, used 36966K [0x0000000740000000, 0x0000000742480000, 0x0000000795580000)
  object space 37376K, 98% used [0x0000000740000000,0x00000007424199b0,0x0000000742480000)
 Metaspace       used 42873K, capacity 63671K, committed 64000K, reserved 1093632K
  class space    used 11889K, capacity 19594K, committed 19712K, reserved 1048576K
}
Event: 82877.639 GC heap before
{Heap before GC invocations=371 (full 4):
 PSYoungGen      total 15360K, used 14912K [0x0000000795580000, 0x00000007a5280000, 0x00000007c0000000)
  eden space 14336K, 100% used [0x0000000795580000,0x0000000796380000,0x0000000796380000)
  from space 1024K, 56% used [0x00000007a5180000,0x00000007a5210000,0x00000007a5280000)
  to   space 1024K, 0% used [0x00000007a5080000,0x00000007a5080000,0x00000007a5180000)
 ParOldGen       total 37376K, used 36966K [0x0000000740000000, 0x0000000742480000, 0x0000000795580000)
  object space 37376K, 98% used [0x0000000740000000,0x00000007424199b0,0x0000000742480000)
 Metaspace       used 42940K, capacity 63755K, committed 64000K, reserved 1093632K
  class space    used 11913K, capacity 19622K, committed 19712K, reserved 1048576K
Event: 82877.642 GC heap after
Heap after GC invocations=371 (full 4):
 PSYoungGen      total 15360K, used 608K [0x0000000795580000, 0x00000007a5200000, 0x00000007c0000000)
  eden space 14336K, 0% used [0x0000000795580000,0x0000000795580000,0x0000000796380000)
  from space 1024K, 59% used [0x00000007a5080000,0x00000007a5118000,0x00000007a5180000)
  to   space 512K, 0% used [0x00000007a5180000,0x00000007a5180000,0x00000007a5200000)
 ParOldGen       total 37376K, used 37062K [0x0000000740000000, 0x0000000742480000, 0x0000000795580000)
  object space 37376K, 99% used [0x0000000740000000,0x00000007424319b0,0x0000000742480000)
 Metaspace       used 42940K, capacity 63755K, committed 64000K, reserved 1093632K
  class space    used 11913K, capacity 19622K, committed 19712K, reserved 1048576K
}
Event: 82886.750 GC heap before
{Heap before GC invocations=372 (full 4):
 PSYoungGen      total 15360K, used 14944K [0x0000000795580000, 0x00000007a5200000, 0x00000007c0000000)
  eden space 14336K, 100% used [0x0000000795580000,0x0000000796380000,0x0000000796380000)
  from space 1024K, 59% used [0x00000007a5080000,0x00000007a5118000,0x00000007a5180000)
  to   space 512K, 0% used [0x00000007a5180000,0x00000007a5180000,0x00000007a5200000)
 ParOldGen       total 37376K, used 37062K [0x0000000740000000, 0x0000000742480000, 0x0000000795580000)
  object space 37376K, 99% used [0x0000000740000000,0x00000007424319b0,0x0000000742480000)
 Metaspace       used 42958K, capacity 63775K, committed 64000K, reserved 1093632K
  class space    used 11920K, capacity 19630K, committed 19712K, reserved 1048576K
Event: 82886.752 GC heap after
Heap after GC invocations=372 (full 4):
 PSYoungGen      total 14848K, used 512K [0x0000000795580000, 0x00000007a5200000, 0x00000007c0000000)
  eden space 14336K, 0% used [0x0000000795580000,0x0000000795580000,0x0000000796380000)
  from space 512K, 100% used [0x00000007a5180000,0x00000007a5200000,0x00000007a5200000)
  to   space 1024K, 0% used [0x00000007a5000000,0x00000007a5000000,0x00000007a5100000)
 ParOldGen       total 37376K, used 37182K [0x0000000740000000, 0x0000000742480000, 0x0000000795580000)
  object space 37376K, 99% used [0x0000000740000000,0x000000074244f9b0,0x0000000742480000)
 Metaspace       used 42958K, capacity 63775K, committed 64000K, reserved 1093632K
  class space    used 11920K, capacity 19630K, committed 19712K, reserved 1048576K
}
Event: 82886.752 GC heap before
{Heap before GC invocations=373 (full 5):
 PSYoungGen      total 14848K, used 512K [0x0000000795580000, 0x00000007a5200000, 0x00000007c0000000)
  eden space 14336K, 0% used [0x0000000795580000,0x0000000795580000,0x0000000796380000)
  from space 512K, 100% used [0x00000007a5180000,0x00000007a5200000,0x00000007a5200000)
  to   space 1024K, 0% used [0x00000007a5000000,0x00000007a5000000,0x00000007a5100000)
 ParOldGen       total 37376K, used 37182K [0x0000000740000000, 0x0000000742480000, 0x0000000795580000)
  object space 37376K, 99% used [0x0000000740000000,0x000000074244f9b0,0x0000000742480000)
 Metaspace       used 42958K, capacity 63775K, committed 64000K, reserved 1093632K
  class space    used 11920K, capacity 19630K, committed 19712K, reserved 1048576K

